0 verbose cli /usr/local/bin/node /usr/local/bin/npm
1 info using npm@9.6.0
2 info using node@v18.14.2
3 timing npm:load:whichnode Completed in 1ms
4 timing config:load:defaults Completed in 2ms
5 timing config:load:file:/usr/local/lib/node_modules/npm/npmrc Completed in 1ms
6 timing config:load:builtin Completed in 1ms
7 timing config:load:cli Completed in 1ms
8 timing config:load:env Completed in 0ms
9 timing config:load:project Completed in 1ms
10 timing config:load:file:/home/container/.npmrc Completed in 0ms
11 timing config:load:user Completed in 0ms
12 timing config:load:file:/usr/local/etc/npmrc Completed in 0ms
13 timing config:load:global Completed in 0ms
14 timing config:load:setEnvs Completed in 1ms
15 timing config:load Completed in 8ms
16 timing npm:load:configload Completed in 8ms
17 timing npm:load:mkdirpcache Completed in 0ms
18 timing npm:load:mkdirplogs Completed in 1ms
19 verbose title npm install node-fetch@2
20 verbose argv "install" "node-fetch@2"
21 timing npm:load:setTitle Completed in 1ms
22 timing config:load:flatten Completed in 3ms
23 timing npm:load:display Completed in 5ms
24 verbose logfile logs-max:10 dir:/home/container/.npm/_logs/2023-03-12T01_06_45_679Z-
25 verbose logfile /home/container/.npm/_logs/2023-03-12T01_06_45_679Z-debug-0.log
26 timing npm:load:logFile Completed in 6ms
27 timing npm:load:timers Completed in 0ms
28 timing npm:load:configScope Completed in 0ms
29 timing npm:load Completed in 22ms
30 timing arborist:ctor Completed in 1ms
31 silly logfile start cleaning logs, removing 1 files
32 silly logfile done cleaning log files
33 timing idealTree:init Completed in 141ms
34 timing idealTree:userRequests Completed in 3ms
35 silly idealTree buildDeps
36 silly fetch manifest node-fetch@2
37 timing arborist:ctor Completed in 0ms
38 http fetch GET 200 https://registry.npmjs.org/node-fetch 91ms (cache hit)
39 silly fetch manifest encoding@^0.1.0
40 http fetch GET 200 https://registry.npmjs.org/encoding 7ms (cache hit)
41 silly placeDep ROOT node-fetch@2.6.9 REPLACE for: dashboard@1.0.0 want: 2
42 timing idealTree:#root Completed in 117ms
43 timing idealTree:node_modules/node-fetch Completed in 0ms
44 timing idealTree:buildDeps Completed in 117ms
45 timing idealTree:fixDepFlags Completed in 3ms
46 timing idealTree Completed in 268ms
47 timing reify:loadTrees Completed in 269ms
48 timing reify:diffTrees Completed in 6ms
49 silly reify moves {}
50 timing reify:retireShallow Completed in 1ms
51 timing reify:createSparse Completed in 0ms
52 timing reify:loadBundles Completed in 0ms
53 silly audit bulk request {
53 silly audit   '@discordjs/builders': [ '1.4.0' ],
53 silly audit   '@discordjs/collection': [ '1.3.0' ],
53 silly audit   '@discordjs/rest': [ '1.5.0' ],
53 silly audit   '@discordjs/util': [ '0.1.0' ],
53 silly audit   '@fastify/accept-negotiator': [ '1.1.0' ],
53 silly audit   '@fastify/ajv-compiler': [ '3.5.0' ],
53 silly audit   '@fastify/cookie': [ '8.3.0' ],
53 silly audit   '@fastify/deepmerge': [ '1.3.0' ],
53 silly audit   '@fastify/error': [ '3.2.0' ],
53 silly audit   '@fastify/fast-json-stringify-compiler': [ '4.2.0' ],
53 silly audit   '@fastify/formbody': [ '7.4.0' ],
53 silly audit   '@fastify/send': [ '2.0.1' ],
53 silly audit   '@fastify/session': [ '10.1.1' ],
53 silly audit   '@fastify/static': [ '6.9.0' ],
53 silly audit   '@fastify/view': [ '7.4.1' ],
53 silly audit   '@lukeed/ms': [ '2.0.1' ],
53 silly audit   '@sapphire/async-queue': [ '1.5.0' ],
53 silly audit   '@sapphire/shapeshift': [ '3.8.1' ],
53 silly audit   '@sapphire/snowflake': [ '3.4.0' ],
53 silly audit   '@tokenizer/token': [ '0.3.0' ],
53 silly audit   '@types/node': [ '18.14.6' ],
53 silly audit   '@types/webidl-conversions': [ '7.0.0' ],
53 silly audit   '@types/whatwg-url': [ '8.2.2' ],
53 silly audit   '@types/ws': [ '8.5.4' ],
53 silly audit   'abort-controller': [ '3.0.0' ],
53 silly audit   'abstract-logging': [ '2.0.1' ],
53 silly audit   ajv: [ '8.12.0' ],
53 silly audit   'ajv-formats': [ '2.1.1' ],
53 silly audit   'ansi-styles': [ '4.3.0' ],
53 silly audit   archy: [ '1.0.0' ],
53 silly audit   'asn1.js': [ '5.4.1' ],
53 silly audit   async: [ '3.2.4' ],
53 silly audit   'atomic-sleep': [ '1.0.0' ],
53 silly audit   avvio: [ '8.2.1' ],
53 silly audit   bagpipe: [ '0.3.5' ],
53 silly audit   'balanced-match': [ '1.0.2' ],
53 silly audit   'base64-js': [ '1.5.1' ],
53 silly audit   'bn.js': [ '4.12.0' ],
53 silly audit   'brace-expansion': [ '1.1.11', '2.0.1' ],
53 silly audit   bson: [ '5.0.1' ],
53 silly audit   buffer: [ '6.0.3' ],
53 silly audit   busboy: [ '1.6.0' ],
53 silly audit   chalk: [ '4.1.2' ],
53 silly audit   'color-convert': [ '2.0.1' ],
53 silly audit   'color-name': [ '1.1.4' ],
53 silly audit   'concat-map': [ '0.0.1' ],
53 silly audit   'content-disposition': [ '0.5.4' ],
53 silly audit   cookie: [ '0.5.0' ],
53 silly audit   debug: [ '4.3.4' ],
53 silly audit   depd: [ '2.0.0' ],
53 silly audit   'discord-api-types': [ '0.37.35' ],
53 silly audit   'discord-oauth2': [ '2.11.0' ],
53 silly audit   'discord.js': [ '14.7.1' ],
53 silly audit   ejs: [ '3.1.8' ],
53 silly audit   'escape-html': [ '1.0.3' ],
53 silly audit   'event-target-shim': [ '5.0.1' ],
53 silly audit   events: [ '3.3.0' ],
53 silly audit   'fast-content-type-parse': [ '1.0.0' ],
53 silly audit   'fast-decode-uri-component': [ '1.0.1' ],
53 silly audit   'fast-deep-equal': [ '3.1.3' ],
53 silly audit   'fast-json-stringify': [ '5.6.2' ],
53 silly audit   'fast-querystring': [ '1.1.1' ],
53 silly audit   'fast-redact': [ '3.1.2' ],
53 silly audit   'fast-uri': [ '2.2.0' ],
53 silly audit   fastify: [ '4.14.1' ],
53 silly audit   'fastify-plugin': [ '4.5.0' ],
53 silly audit   fastq: [ '1.15.0' ],
53 silly audit   'file-type': [ '18.2.1' ],
53 silly audit   filelist: [ '1.0.4' ],
53 silly audit   minimatch: [ '5.1.6', '3.1.2' ],
53 silly audit   'find-my-way': [ '7.5.0' ],
53 silly audit   forwarded: [ '0.2.0' ],
53 silly audit   'fs-extra': [ '8.1.0' ],
53 silly audit   'fs.realpath': [ '1.0.0' ],
53 silly audit   glob: [ '8.1.0' ],
53 silly audit   'graceful-fs': [ '4.2.10' ],
53 silly audit   'has-flag': [ '4.0.0' ],
53 silly audit   hashlru: [ '2.3.0' ],
53 silly audit   'http-errors': [ '2.0.0' ],
53 silly audit   ieee754: [ '1.2.1' ],
53 silly audit   imurmurhash: [ '0.1.4' ],
53 silly audit   inflight: [ '1.0.6' ],
53 silly audit   inherits: [ '2.0.4' ],
53 silly audit   ip: [ '2.0.0' ],
53 silly audit   'ipaddr.js': [ '1.9.1' ],
53 silly audit   'is-typedarray': [ '1.0.0' ],
53 silly audit   jake: [ '10.8.5' ],
53 silly audit   'json-schema-traverse': [ '1.0.0' ],
53 silly audit   jsonfile: [ '4.0.0' ],
53 silly audit   kareem: [ '2.5.1' ],
53 silly audit   kruptein: [ '2.2.3' ],
53 silly audit   'light-my-request': [ '5.9.1' ],
53 silly audit   lodash: [ '4.17.21' ],
53 silly audit   'lodash.snakecase': [ '4.1.1' ],
53 silly audit   'lru-cache': [ '6.0.0' ],
53 silly audit   'memory-pager': [ '1.5.0' ],
53 silly audit   mime: [ '3.0.0' ],
53 silly audit   'minimalistic-assert': [ '1.0.1' ],
53 silly audit   mongodb: [ '5.1.0' ],
53 silly audit   'mongodb-connection-string-url': [ '2.6.0' ],
53 silly audit   mongoose: [ '7.0.1' ],
53 silly audit   ms: [ '2.1.3', '2.1.2' ],
53 silly audit   mpath: [ '0.9.0' ],
53 silly audit   mquery: [ '5.0.0' ],
53 silly audit   tr46: [ '3.0.0', '0.0.3' ],
53 silly audit   'webidl-conversions': [ '7.0.0', '3.0.1' ],
53 silly audit   'whatwg-url': [ '11.0.0', '5.0.0' ],
53 silly audit   'object-assign': [ '4.1.1' ],
53 silly audit   'on-exit-leak-free': [ '2.1.0' ],
53 silly audit   once: [ '1.4.0' ],
53 silly audit   'p-limit': [ '3.1.0' ],
53 silly audit   'peek-readable': [ '5.0.0' ],
53 silly audit   pino: [ '8.11.0' ],
53 silly audit   'pino-abstract-transport': [ '1.0.0' ],
53 silly audit   'pino-std-serializers': [ '6.1.0' ],
53 silly audit   process: [ '0.11.10' ],
53 silly audit   'process-warning': [ '2.1.0' ],
53 silly audit   'proxy-addr': [ '2.0.7' ],
53 silly audit   punycode: [ '2.3.0' ],
53 silly audit   'quick-format-unescaped': [ '4.0.4' ],
53 silly audit   'readable-stream': [ '4.3.0', '3.6.1' ],
53 silly audit   'readable-web-to-node-stream': [ '3.0.2' ],
53 silly audit   'real-require': [ '0.2.0' ],
53 silly audit   'require-from-string': [ '2.0.2' ],
53 silly audit   ret: [ '0.2.2' ],
53 silly audit   retry: [ '0.12.0' ],
53 silly audit   reusify: [ '1.0.4' ],
53 silly audit   rfdc: [ '1.3.0' ],
53 silly audit   'safe-buffer': [ '5.2.1' ],
53 silly audit   'safe-regex2': [ '2.0.0' ],
53 silly audit   'safe-stable-stringify': [ '2.4.2' ],
53 silly audit   'safer-buffer': [ '2.1.2' ],
53 silly audit   saslprep: [ '1.0.3' ],
53 silly audit   'secure-json-parse': [ '2.7.0' ],
53 silly audit   semver: [ '7.3.8' ],
53 silly audit   'session-file-store': [ '1.5.0' ],
53 silly audit   'set-cookie-parser': [ '2.5.1' ],
53 silly audit   setprototypeof: [ '1.2.0' ],
53 silly audit   sift: [ '16.0.1' ],
53 silly audit   'signal-exit': [ '3.0.7' ],
53 silly audit   'smart-buffer': [ '4.2.0' ],
53 silly audit   socks: [ '2.7.1' ],
53 silly audit   'sonic-boom': [ '3.2.1' ],
53 silly audit   'sparse-bitfield': [ '3.0.3' ],
53 silly audit   split2: [ '4.1.0' ],
53 silly audit   statuses: [ '2.0.1' ],
53 silly audit   streamsearch: [ '1.1.0' ],
53 silly audit   string_decoder: [ '1.3.0' ],
53 silly audit   strtok3: [ '7.0.0' ],
53 silly audit   'supports-color': [ '7.2.0' ],
53 silly audit   'thread-stream': [ '2.3.0' ],
53 silly audit   'tiny-lru': [ '10.0.1' ],
53 silly audit   toidentifier: [ '1.0.1' ],
53 silly audit   'token-types': [ '5.0.1' ],
53 silly audit   'ts-mixer': [ '6.0.3' ],
53 silly audit   tslib: [ '2.5.0' ],
53 silly audit   'typedarray-to-buffer': [ '3.1.5' ],
53 silly audit   undici: [ '5.20.0' ],
53 silly audit   universalify: [ '0.1.2' ],
53 silly audit   'uri-js': [ '4.4.1' ],
53 silly audit   'util-deprecate': [ '1.0.2' ],
53 silly audit   wrappy: [ '1.0.2' ],
53 silly audit   'write-file-atomic': [ '3.0.3' ],
53 silly audit   ws: [ '8.12.1' ],
53 silly audit   yallist: [ '4.0.0' ],
53 silly audit   'yocto-queue': [ '0.1.0' ],
53 silly audit   'node-fetch': [ '2.6.9' ]
53 silly audit }
54 timing reify:unpack Completed in 1ms
55 timing reify:unretire Completed in 0ms
56 timing build:queue Completed in 0ms
57 timing build:deps Completed in 0ms
58 timing build Completed in 0ms
59 timing reify:build Completed in 1ms
60 timing reify:trash Completed in 0ms
61 timing reify:save Completed in 43ms
62 http fetch POST 200 https://registry.npmjs.org/-/npm/v1/security/advisories/bulk 290ms
63 timing auditReport:getReport Completed in 297ms
64 silly audit report {}
65 timing auditReport:init Completed in 0ms
66 timing reify:audit Completed in 298ms
67 timing reify Completed in 579ms
68 timing command:install Completed in 588ms
69 verbose exit 0
70 timing npm Completed in 625ms
71 info ok
