0 verbose cli /usr/local/bin/node /usr/local/bin/npm
1 info using npm@9.6.0
2 info using node@v18.14.2
3 timing npm:load:whichnode Completed in 1ms
4 timing config:load:defaults Completed in 2ms
5 timing config:load:file:/usr/local/lib/node_modules/npm/npmrc Completed in 0ms
6 timing config:load:builtin Completed in 0ms
7 timing config:load:cli Completed in 2ms
8 timing config:load:env Completed in 0ms
9 timing config:load:project Completed in 0ms
10 timing config:load:file:/home/container/.npmrc Completed in 0ms
11 timing config:load:user Completed in 0ms
12 timing config:load:file:/usr/local/etc/npmrc Completed in 0ms
13 timing config:load:global Completed in 0ms
14 timing config:load:setEnvs Completed in 1ms
15 timing config:load Completed in 8ms
16 timing npm:load:configload Completed in 8ms
17 timing npm:load:mkdirpcache Completed in 0ms
18 timing npm:load:mkdirplogs Completed in 0ms
19 verbose title npm install
20 verbose argv "install"
21 timing npm:load:setTitle Completed in 2ms
22 timing config:load:flatten Completed in 4ms
23 timing npm:load:display Completed in 4ms
24 verbose logfile logs-max:10 dir:/home/container/.npm/_logs/2023-03-12T01_04_17_941Z-
25 verbose logfile /home/container/.npm/_logs/2023-03-12T01_04_17_941Z-debug-0.log
26 timing npm:load:logFile Completed in 5ms
27 timing npm:load:timers Completed in 0ms
28 timing npm:load:configScope Completed in 0ms
29 timing npm:load Completed in 23ms
30 timing arborist:ctor Completed in 1ms
31 silly logfile start cleaning logs, removing 1 files
32 silly logfile done cleaning log files
33 timing idealTree:init Completed in 140ms
34 timing idealTree:userRequests Completed in 0ms
35 silly idealTree buildDeps
36 timing idealTree:#root Completed in 0ms
37 timing idealTree:buildDeps Completed in 2ms
38 timing idealTree:fixDepFlags Completed in 0ms
39 timing idealTree Completed in 148ms
40 timing arborist:ctor Completed in 0ms
41 timing reify:loadTrees Completed in 218ms
42 timing reify:diffTrees Completed in 6ms
43 silly reify moves {}
44 timing reify:retireShallow Completed in 1ms
45 timing reify:createSparse Completed in 0ms
46 timing reify:loadBundles Completed in 0ms
47 silly audit bulk request {
47 silly audit   '@discordjs/builders': [ '1.4.0' ],
47 silly audit   '@discordjs/collection': [ '1.3.0' ],
47 silly audit   '@discordjs/rest': [ '1.5.0' ],
47 silly audit   '@discordjs/util': [ '0.1.0' ],
47 silly audit   '@fastify/accept-negotiator': [ '1.1.0' ],
47 silly audit   '@fastify/ajv-compiler': [ '3.5.0' ],
47 silly audit   '@fastify/cookie': [ '8.3.0' ],
47 silly audit   '@fastify/deepmerge': [ '1.3.0' ],
47 silly audit   '@fastify/error': [ '3.2.0' ],
47 silly audit   '@fastify/fast-json-stringify-compiler': [ '4.2.0' ],
47 silly audit   '@fastify/formbody': [ '7.4.0' ],
47 silly audit   '@fastify/send': [ '2.0.1' ],
47 silly audit   '@fastify/session': [ '10.1.1' ],
47 silly audit   '@fastify/static': [ '6.9.0' ],
47 silly audit   '@fastify/view': [ '7.4.1' ],
47 silly audit   '@lukeed/ms': [ '2.0.1' ],
47 silly audit   '@sapphire/async-queue': [ '1.5.0' ],
47 silly audit   '@sapphire/shapeshift': [ '3.8.1' ],
47 silly audit   '@sapphire/snowflake': [ '3.4.0' ],
47 silly audit   '@tokenizer/token': [ '0.3.0' ],
47 silly audit   '@types/node': [ '18.14.6' ],
47 silly audit   '@types/webidl-conversions': [ '7.0.0' ],
47 silly audit   '@types/whatwg-url': [ '8.2.2' ],
47 silly audit   '@types/ws': [ '8.5.4' ],
47 silly audit   'abort-controller': [ '3.0.0' ],
47 silly audit   'abstract-logging': [ '2.0.1' ],
47 silly audit   ajv: [ '8.12.0' ],
47 silly audit   'ajv-formats': [ '2.1.1' ],
47 silly audit   'ansi-styles': [ '4.3.0' ],
47 silly audit   archy: [ '1.0.0' ],
47 silly audit   'asn1.js': [ '5.4.1' ],
47 silly audit   async: [ '3.2.4' ],
47 silly audit   'atomic-sleep': [ '1.0.0' ],
47 silly audit   avvio: [ '8.2.1' ],
47 silly audit   bagpipe: [ '0.3.5' ],
47 silly audit   'balanced-match': [ '1.0.2' ],
47 silly audit   'base64-js': [ '1.5.1' ],
47 silly audit   'bn.js': [ '4.12.0' ],
47 silly audit   'brace-expansion': [ '1.1.11', '2.0.1' ],
47 silly audit   bson: [ '5.0.1' ],
47 silly audit   buffer: [ '6.0.3' ],
47 silly audit   busboy: [ '1.6.0' ],
47 silly audit   chalk: [ '4.1.2' ],
47 silly audit   'color-convert': [ '2.0.1' ],
47 silly audit   'color-name': [ '1.1.4' ],
47 silly audit   'concat-map': [ '0.0.1' ],
47 silly audit   'content-disposition': [ '0.5.4' ],
47 silly audit   cookie: [ '0.5.0' ],
47 silly audit   debug: [ '4.3.4' ],
47 silly audit   depd: [ '2.0.0' ],
47 silly audit   'discord-api-types': [ '0.37.35' ],
47 silly audit   'discord-oauth2': [ '2.11.0' ],
47 silly audit   'discord.js': [ '14.7.1' ],
47 silly audit   ejs: [ '3.1.8' ],
47 silly audit   'escape-html': [ '1.0.3' ],
47 silly audit   'event-target-shim': [ '5.0.1' ],
47 silly audit   events: [ '3.3.0' ],
47 silly audit   'fast-content-type-parse': [ '1.0.0' ],
47 silly audit   'fast-decode-uri-component': [ '1.0.1' ],
47 silly audit   'fast-deep-equal': [ '3.1.3' ],
47 silly audit   'fast-json-stringify': [ '5.6.2' ],
47 silly audit   'fast-querystring': [ '1.1.1' ],
47 silly audit   'fast-redact': [ '3.1.2' ],
47 silly audit   'fast-uri': [ '2.2.0' ],
47 silly audit   fastify: [ '4.14.1' ],
47 silly audit   'fastify-plugin': [ '4.5.0' ],
47 silly audit   fastq: [ '1.15.0' ],
47 silly audit   'file-type': [ '18.2.1' ],
47 silly audit   filelist: [ '1.0.4' ],
47 silly audit   minimatch: [ '5.1.6', '3.1.2' ],
47 silly audit   'find-my-way': [ '7.5.0' ],
47 silly audit   forwarded: [ '0.2.0' ],
47 silly audit   'fs-extra': [ '8.1.0' ],
47 silly audit   'fs.realpath': [ '1.0.0' ],
47 silly audit   glob: [ '8.1.0' ],
47 silly audit   'graceful-fs': [ '4.2.10' ],
47 silly audit   'has-flag': [ '4.0.0' ],
47 silly audit   hashlru: [ '2.3.0' ],
47 silly audit   'http-errors': [ '2.0.0' ],
47 silly audit   ieee754: [ '1.2.1' ],
47 silly audit   imurmurhash: [ '0.1.4' ],
47 silly audit   inflight: [ '1.0.6' ],
47 silly audit   inherits: [ '2.0.4' ],
47 silly audit   ip: [ '2.0.0' ],
47 silly audit   'ipaddr.js': [ '1.9.1' ],
47 silly audit   'is-typedarray': [ '1.0.0' ],
47 silly audit   jake: [ '10.8.5' ],
47 silly audit   'json-schema-traverse': [ '1.0.0' ],
47 silly audit   jsonfile: [ '4.0.0' ],
47 silly audit   kareem: [ '2.5.1' ],
47 silly audit   kruptein: [ '2.2.3' ],
47 silly audit   'light-my-request': [ '5.9.1' ],
47 silly audit   lodash: [ '4.17.21' ],
47 silly audit   'lodash.snakecase': [ '4.1.1' ],
47 silly audit   'lru-cache': [ '6.0.0' ],
47 silly audit   'memory-pager': [ '1.5.0' ],
47 silly audit   mime: [ '3.0.0' ],
47 silly audit   'minimalistic-assert': [ '1.0.1' ],
47 silly audit   mongodb: [ '5.1.0' ],
47 silly audit   'mongodb-connection-string-url': [ '2.6.0' ],
47 silly audit   mongoose: [ '7.0.1' ],
47 silly audit   ms: [ '2.1.3', '2.1.2' ],
47 silly audit   mpath: [ '0.9.0' ],
47 silly audit   mquery: [ '5.0.0' ],
47 silly audit   'node-fetch': [ '2.6.9' ],
47 silly audit   tr46: [ '0.0.3', '3.0.0' ],
47 silly audit   'webidl-conversions': [ '3.0.1', '7.0.0' ],
47 silly audit   'whatwg-url': [ '5.0.0', '11.0.0' ],
47 silly audit   'object-assign': [ '4.1.1' ],
47 silly audit   'on-exit-leak-free': [ '2.1.0' ],
47 silly audit   once: [ '1.4.0' ],
47 silly audit   'p-limit': [ '3.1.0' ],
47 silly audit   'peek-readable': [ '5.0.0' ],
47 silly audit   pino: [ '8.11.0' ],
47 silly audit   'pino-abstract-transport': [ '1.0.0' ],
47 silly audit   'pino-std-serializers': [ '6.1.0' ],
47 silly audit   process: [ '0.11.10' ],
47 silly audit   'process-warning': [ '2.1.0' ],
47 silly audit   'proxy-addr': [ '2.0.7' ],
47 silly audit   punycode: [ '2.3.0' ],
47 silly audit   'quick-format-unescaped': [ '4.0.4' ],
47 silly audit   'readable-stream': [ '4.3.0', '3.6.1' ],
47 silly audit   'readable-web-to-node-stream': [ '3.0.2' ],
47 silly audit   'real-require': [ '0.2.0' ],
47 silly audit   'require-from-string': [ '2.0.2' ],
47 silly audit   ret: [ '0.2.2' ],
47 silly audit   retry: [ '0.12.0' ],
47 silly audit   reusify: [ '1.0.4' ],
47 silly audit   rfdc: [ '1.3.0' ],
47 silly audit   'safe-buffer': [ '5.2.1' ],
47 silly audit   'safe-regex2': [ '2.0.0' ],
47 silly audit   'safe-stable-stringify': [ '2.4.2' ],
47 silly audit   'safer-buffer': [ '2.1.2' ],
47 silly audit   saslprep: [ '1.0.3' ],
47 silly audit   'secure-json-parse': [ '2.7.0' ],
47 silly audit   semver: [ '7.3.8' ],
47 silly audit   'session-file-store': [ '1.5.0' ],
47 silly audit   'set-cookie-parser': [ '2.5.1' ],
47 silly audit   setprototypeof: [ '1.2.0' ],
47 silly audit   sift: [ '16.0.1' ],
47 silly audit   'signal-exit': [ '3.0.7' ],
47 silly audit   'smart-buffer': [ '4.2.0' ],
47 silly audit   socks: [ '2.7.1' ],
47 silly audit   'sonic-boom': [ '3.2.1' ],
47 silly audit   'sparse-bitfield': [ '3.0.3' ],
47 silly audit   split2: [ '4.1.0' ],
47 silly audit   statuses: [ '2.0.1' ],
47 silly audit   streamsearch: [ '1.1.0' ],
47 silly audit   string_decoder: [ '1.3.0' ],
47 silly audit   strtok3: [ '7.0.0' ],
47 silly audit   'supports-color': [ '7.2.0' ],
47 silly audit   'thread-stream': [ '2.3.0' ],
47 silly audit   'tiny-lru': [ '10.0.1' ],
47 silly audit   toidentifier: [ '1.0.1' ],
47 silly audit   'token-types': [ '5.0.1' ],
47 silly audit   'ts-mixer': [ '6.0.3' ],
47 silly audit   tslib: [ '2.5.0' ],
47 silly audit   'typedarray-to-buffer': [ '3.1.5' ],
47 silly audit   undici: [ '5.20.0' ],
47 silly audit   universalify: [ '0.1.2' ],
47 silly audit   'uri-js': [ '4.4.1' ],
47 silly audit   'util-deprecate': [ '1.0.2' ],
47 silly audit   wrappy: [ '1.0.2' ],
47 silly audit   'write-file-atomic': [ '3.0.3' ],
47 silly audit   ws: [ '8.12.1' ],
47 silly audit   yallist: [ '4.0.0' ],
47 silly audit   'yocto-queue': [ '0.1.0' ]
47 silly audit }
48 timing reify:unpack Completed in 3ms
49 timing reify:unretire Completed in 0ms
50 timing build:queue Completed in 0ms
51 timing build:deps Completed in 1ms
52 timing build Completed in 1ms
53 timing reify:build Completed in 1ms
54 timing reify:trash Completed in 0ms
55 timing reify:save Completed in 39ms
56 http fetch POST 200 https://registry.npmjs.org/-/npm/v1/security/advisories/bulk 726ms
57 timing auditReport:getReport Completed in 734ms
58 silly audit report {}
59 timing auditReport:init Completed in 0ms
60 timing reify:audit Completed in 734ms
61 timing reify Completed in 966ms
62 timing command:install Completed in 978ms
63 verbose exit 0
64 timing npm Completed in 1020ms
65 info ok
